<?xml version="1.0" encoding="UTF-8"?>
<!-- Generated by org.testng.reporters.JUnitReportReporter -->
<testsuite hostname="LAPTOP-P3VHC49B" failures="0" tests="1" name="testCases.loginPageTestCases" time="9.935" errors="0" timestamp="2024-11-12T21:49:24 IST" skipped="0">
  <testcase classname="testCases.loginPageTestCases" name="cogmentoLogin" time="9.935"/>
  <system-out/>
</testsuite> <!-- testCases.loginPageTestCases -->
