<?xml version="1.0" encoding="UTF-8"?>
<!-- Generated by org.testng.reporters.JUnitReportReporter -->
<testsuite hostname="LAPTOP-P3VHC49B" failures="0" tests="3" name="testCases.ReadExcel" time="0.075" errors="0" timestamp="2024-11-23T21:13:02 IST" skipped="0">
  <testcase classname="testCases.ReadExcel" name="testExample" time="0.034"/>
  <system-out/>
  <testcase classname="testCases.ReadExcel" name="executeTestForAllTestData" time="0.011"/>
  <system-out/>
  <testcase classname="testCases.ReadExcel" name="getDataWithKey" time="0.030"/>
  <system-out/>
</testsuite> <!-- testCases.ReadExcel -->
