<?xml version="1.0" encoding="UTF-8"?>
<!-- Generated by org.testng.reporters.JUnitReportReporter -->
<testsuite hostname="LAPTOP-P3VHC49B" failures="0" tests="1" name="testCases.leavePageTestCases" time="15.256" errors="0" timestamp="2024-11-12T21:49:24 IST" skipped="0">
  <testcase classname="testCases.leavePageTestCases" name="verifyLeaveCreated" time="15.256"/>
  <system-out/>
</testsuite> <!-- testCases.leavePageTestCases -->
