<?xml version="1.0" encoding="UTF-8"?>
<!-- Generated by org.testng.reporters.JUnitReportReporter -->
<testsuite hostname="LAPTOP-P3VHC49B" failures="0" tests="1" name="loginPage" time="11.960" errors="0" timestamp="2024-11-12T18:32:32 IST" skipped="0">
  <testcase classname="loginPage" name="cogmentoLogin" time="11.960"/>
  <system-out/>
</testsuite> <!-- loginPage -->
